# JRE version: Java(TM) SE Runtime Environment (18.0.2.1+1) (build 18.0.2.1+1-1)
# Java VM: Java HotSpot(TM) 64-Bit Server VM (18.0.2.1+1-1, mixed mode, emulated-client, sharing, tiered, compressed oops, compressed class ptrs, g1 gc, windows-amd64)
GC Precious Log:
 CardTable entry size: 512
 Card Set container configuration: InlinePtr #cards 5 size 8 Array Of Cards #cards 12 size 40 Howl #buckets 4 coarsen threshold 1843 Howl Bitmap #cards 512 size 80 coarsen threshold 460 Card regions per heap region 1 cards per card region 2048
 CPUs: 4 total, 4 available
 Memory: 6081M
 Large Page Support: Disabled
 NUMA Support: Disabled
 Compressed Oops: Enabled (32-bit)
 Heap Region Size: 1M
 Heap Min Capacity: 8M
 Heap Initial Capacity: 96M
 Heap Max Capacity: 1522M
 Pre-touch: Disabled
 Parallel Workers: 4
 Concurrent Workers: 1
 Concurrent Refinement Workers: 4
 Periodic GC: Disabled
Heap:
 garbage-first heap   total 73728K, used 45282K [0x00000000a0e00000, 0x0000000100000000)
  region size 1024K, 21 young (21504K), 2 survivors (2048K)
 Metaspace       used 59444K, committed 60096K, reserved 1114112K
  class space    used 8236K, committed 8576K, reserved 1048576K
GC Heap History (20 events):
Event: 6.811 GC heap before
{Heap before GC invocations=5 (full 0):
 garbage-first heap   total 51200K, used 37435K [0x00000000a0e00000, 0x0000000100000000)
  region size 1024K, 30 young (30720K), 6 survivors (6144K)
 Metaspace       used 23732K, committed 24192K, reserved 1114112K
  class space    used 3121K, committed 3328K, reserved 1048576K
}
Event: 6.824 GC heap after
{Heap after GC invocations=6 (full 0):
 garbage-first heap   total 51200K, used 15994K [0x00000000a0e00000, 0x0000000100000000)
  region size 1024K, 4 young (4096K), 4 survivors (4096K)
 Metaspace       used 23732K, committed 24192K, reserved 1114112K
  class space    used 3121K, committed 3328K, reserved 1048576K
}
Event: 7.280 GC heap before
{Heap before GC invocations=6 (full 0):
 garbage-first heap   total 51200K, used 33402K [0x00000000a0e00000, 0x0000000100000000)
  region size 1024K, 21 young (21504K), 4 survivors (4096K)
 Metaspace       used 25322K, committed 25792K, reserved 1114112K
  class space    used 3350K, committed 3584K, reserved 1048576K
}
Event: 7.289 GC heap after
{Heap after GC invocations=7 (full 0):
 garbage-first heap   total 51200K, used 16886K [0x00000000a0e00000, 0x0000000100000000)
  region size 1024K, 2 young (2048K), 2 survivors (2048K)
 Metaspace       used 25322K, committed 25792K, reserved 1114112K
  class space    used 3350K, committed 3584K, reserved 1048576K
}
Event: 8.108 GC heap before
{Heap before GC invocations=7 (full 0):
 garbage-first heap   total 51200K, used 35318K [0x00000000a0e00000, 0x0000000100000000)
  region size 1024K, 20 young (20480K), 2 survivors (2048K)
 Metaspace       used 27148K, committed 27584K, reserved 1114112K
  class space    used 3626K, committed 3840K, reserved 1048576K
}
Event: 8.117 GC heap after
{Heap after GC invocations=8 (full 0):
 garbage-first heap   total 51200K, used 18136K [0x00000000a0e00000, 0x0000000100000000)
  region size 1024K, 3 young (3072K), 3 survivors (3072K)
 Metaspace       used 27148K, committed 27584K, reserved 1114112K
  class space    used 3626K, committed 3840K, reserved 1048576K
}
Event: 8.751 GC heap before
{Heap before GC invocations=8 (full 0):
 garbage-first heap   total 51200K, used 36568K [0x00000000a0e00000, 0x0000000100000000)
  region size 1024K, 21 young (21504K), 3 survivors (3072K)
 Metaspace       used 29971K, committed 30464K, reserved 1114112K
  class space    used 4054K, committed 4288K, reserved 1048576K
}
Event: 8.774 GC heap after
{Heap after GC invocations=9 (full 0):
 garbage-first heap   total 61440K, used 19788K [0x00000000a0e00000, 0x0000000100000000)
  region size 1024K, 3 young (3072K), 3 survivors (3072K)
 Metaspace       used 29971K, committed 30464K, reserved 1114112K
  class space    used 4054K, committed 4288K, reserved 1048576K
}
Event: 9.643 GC heap before
{Heap before GC invocations=9 (full 0):
 garbage-first heap   total 61440K, used 45388K [0x00000000a0e00000, 0x0000000100000000)
  region size 1024K, 28 young (28672K), 3 survivors (3072K)
 Metaspace       used 33421K, committed 34048K, reserved 1114112K
  class space    used 4541K, committed 4864K, reserved 1048576K
}
Event: 9.660 GC heap after
{Heap after GC invocations=10 (full 0):
 garbage-first heap   total 61440K, used 21909K [0x00000000a0e00000, 0x0000000100000000)
  region size 1024K, 4 young (4096K), 4 survivors (4096K)
 Metaspace       used 33421K, committed 34048K, reserved 1114112K
  class space    used 4541K, committed 4864K, reserved 1048576K
}
Event: 10.027 GC heap before
{Heap before GC invocations=10 (full 0):
 garbage-first heap   total 61440K, used 30101K [0x00000000a0e00000, 0x0000000100000000)
  region size 1024K, 13 young (13312K), 4 survivors (4096K)
 Metaspace       used 35561K, committed 36160K, reserved 1114112K
  class space    used 4813K, committed 5120K, reserved 1048576K
}
Event: 10.036 GC heap after
{Heap after GC invocations=11 (full 0):
 garbage-first heap   total 61440K, used 22353K [0x00000000a0e00000, 0x0000000100000000)
  region size 1024K, 3 young (3072K), 3 survivors (3072K)
 Metaspace       used 35561K, committed 36160K, reserved 1114112K
  class space    used 4813K, committed 5120K, reserved 1048576K
}
Event: 11.287 GC heap before
{Heap before GC invocations=12 (full 0):
 garbage-first heap   total 61440K, used 45905K [0x00000000a0e00000, 0x0000000100000000)
  region size 1024K, 27 young (27648K), 3 survivors (3072K)
 Metaspace       used 41646K, committed 42176K, reserved 1114112K
  class space    used 5713K, committed 5952K, reserved 1048576K
}
Event: 11.300 GC heap after
{Heap after GC invocations=13 (full 0):
 garbage-first heap   total 61440K, used 24037K [0x00000000a0e00000, 0x0000000100000000)
  region size 1024K, 2 young (2048K), 2 survivors (2048K)
 Metaspace       used 41646K, committed 42176K, reserved 1114112K
  class space    used 5713K, committed 5952K, reserved 1048576K
}
Event: 12.746 GC heap before
{Heap before GC invocations=13 (full 0):
 garbage-first heap   total 61440K, used 47589K [0x00000000a0e00000, 0x0000000100000000)
  region size 1024K, 25 young (25600K), 2 survivors (2048K)
 Metaspace       used 48566K, committed 49088K, reserved 1114112K
  class space    used 6610K, committed 6848K, reserved 1048576K
}
Event: 12.757 GC heap after
{Heap after GC invocations=14 (full 0):
 garbage-first heap   total 61440K, used 25891K [0x00000000a0e00000, 0x0000000100000000)
  region size 1024K, 4 young (4096K), 4 survivors (4096K)
 Metaspace       used 48566K, committed 49088K, reserved 1114112K
  class space    used 6610K, committed 6848K, reserved 1048576K
}
Event: 13.554 GC heap before
{Heap before GC invocations=14 (full 0):
 garbage-first heap   total 61440K, used 47395K [0x00000000a0e00000, 0x0000000100000000)
  region size 1024K, 25 young (25600K), 4 survivors (4096K)
 Metaspace       used 52209K, committed 52864K, reserved 1114112K
  class space    used 7062K, committed 7360K, reserved 1048576K
}
Event: 13.565 GC heap after
{Heap after GC invocations=15 (full 0):
 garbage-first heap   total 61440K, used 27301K [0x00000000a0e00000, 0x0000000100000000)
  region size 1024K, 4 young (4096K), 4 survivors (4096K)
 Metaspace       used 52209K, committed 52864K, reserved 1114112K
  class space    used 7062K, committed 7360K, reserved 1048576K
}
Event: 14.482 GC heap before
{Heap before GC invocations=15 (full 0):
 garbage-first heap   total 61440K, used 46757K [0x00000000a0e00000, 0x0000000100000000)
  region size 1024K, 24 young (24576K), 4 survivors (4096K)
 Metaspace       used 57552K, committed 58176K, reserved 1114112K
  class space    used 7964K, committed 8256K, reserved 1048576K
}
Event: 14.494 GC heap after
{Heap after GC invocations=16 (full 0):
 garbage-first heap   total 73728K, used 27874K [0x00000000a0e00000, 0x0000000100000000)
  region size 1024K, 2 young (2048K), 2 survivors (2048K)
 Metaspace       used 57552K, committed 58176K, reserved 1114112K
  class space    used 7964K, committed 8256K, reserved 1048576K
}

